Filename: /home/mpiuser/cloud/ECG/Keras/worker.py

Line #    Mem usage    Increment   Line Contents
================================================
    36 489.1055 MiB 489.1055 MiB       @profile(precision=4,stream=open('output/memory_profiler.log','w+'))
    37                                 def train(self,data,label,end_epoch):
    38 1133.4414 MiB 644.3359 MiB           self.model.fit(x=data,y=label, epochs=1,callbacks=[self.history],verbose = 0)
    39 1133.4414 MiB   0.0000 MiB           if end_epoch:
    40                                         self.model_weights=self.model.get_weights()
    41                                         self.loss_list.append(self.history.loss)
    42                                         self.acc_list.append(self.history.acc)


Filename: /home/mpiuser/cloud/ECG/Keras/worker.py

Line #    Mem usage    Increment   Line Contents
================================================
    36 1133.4414 MiB 1133.4414 MiB       @profile(precision=4,stream=open('output/memory_profiler.log','w+'))
    37                                 def train(self,data,label,end_epoch):
    38 1123.5898 MiB   0.0000 MiB           self.model.fit(x=data,y=label, epochs=1,callbacks=[self.history],verbose = 0)
    39 1123.5898 MiB   0.0000 MiB           if end_epoch:
    40                                         self.model_weights=self.model.get_weights()
    41                                         self.loss_list.append(self.history.loss)
    42                                         self.acc_list.append(self.history.acc)


Filename: /home/mpiuser/cloud/ECG/Keras/worker.py

Line #    Mem usage    Increment   Line Contents
================================================
    36 1123.5898 MiB 1123.5898 MiB       @profile(precision=4,stream=open('output/memory_profiler.log','w+'))
    37                                 def train(self,data,label,end_epoch):
    38 1196.4883 MiB  72.8984 MiB           self.model.fit(x=data,y=label, epochs=1,callbacks=[self.history],verbose = 0)
    39 1196.4883 MiB   0.0000 MiB           if end_epoch:
    40                                         self.model_weights=self.model.get_weights()
    41                                         self.loss_list.append(self.history.loss)
    42                                         self.acc_list.append(self.history.acc)


Filename: /home/mpiuser/cloud/ECG/Keras/worker.py

Line #    Mem usage    Increment   Line Contents
================================================
    36 1196.4883 MiB 1196.4883 MiB       @profile(precision=4,stream=open('output/memory_profiler.log','w+'))
    37                                 def train(self,data,label,end_epoch):
    38 1154.0781 MiB   0.0000 MiB           self.model.fit(x=data,y=label, epochs=1,callbacks=[self.history],verbose = 0)
    39 1154.0781 MiB   0.0000 MiB           if end_epoch:
    40                                         self.model_weights=self.model.get_weights()
    41                                         self.loss_list.append(self.history.loss)
    42                                         self.acc_list.append(self.history.acc)


Filename: /home/mpiuser/cloud/ECG/Keras/worker.py

Line #    Mem usage    Increment   Line Contents
================================================
    36 1154.0781 MiB 1154.0781 MiB       @profile(precision=4,stream=open('output/memory_profiler.log','w+'))
    37                                 def train(self,data,label,end_epoch):
    38 1188.0508 MiB  33.9727 MiB           self.model.fit(x=data,y=label, epochs=1,callbacks=[self.history],verbose = 0)
    39 1188.0508 MiB   0.0000 MiB           if end_epoch:
    40                                         self.model_weights=self.model.get_weights()
    41                                         self.loss_list.append(self.history.loss)
    42                                         self.acc_list.append(self.history.acc)


Filename: /home/mpiuser/cloud/ECG/Keras/worker.py

Line #    Mem usage    Increment   Line Contents
================================================
    36 1188.0508 MiB 1188.0508 MiB       @profile(precision=4,stream=open('output/memory_profiler.log','w+'))
    37                                 def train(self,data,label,end_epoch):
    38 1196.0078 MiB   7.9570 MiB           self.model.fit(x=data,y=label, epochs=1,callbacks=[self.history],verbose = 0)
    39 1196.0078 MiB   0.0000 MiB           if end_epoch:
    40                                         self.model_weights=self.model.get_weights()
    41                                         self.loss_list.append(self.history.loss)
    42                                         self.acc_list.append(self.history.acc)


Filename: /home/mpiuser/cloud/ECG/Keras/worker.py

Line #    Mem usage    Increment   Line Contents
================================================
    36 1196.0078 MiB 1196.0078 MiB       @profile(precision=4,stream=open('output/memory_profiler.log','w+'))
    37                                 def train(self,data,label,end_epoch):
    38 1219.8281 MiB  23.8203 MiB           self.model.fit(x=data,y=label, epochs=1,callbacks=[self.history],verbose = 0)
    39 1219.8281 MiB   0.0000 MiB           if end_epoch:
    40                                         self.model_weights=self.model.get_weights()
    41                                         self.loss_list.append(self.history.loss)
    42                                         self.acc_list.append(self.history.acc)


Filename: /home/mpiuser/cloud/ECG/Keras/worker.py

Line #    Mem usage    Increment   Line Contents
================================================
    36 1219.8281 MiB 1219.8281 MiB       @profile(precision=4,stream=open('output/memory_profiler.log','w+'))
    37                                 def train(self,data,label,end_epoch):
    38 1030.9844 MiB   0.0000 MiB           self.model.fit(x=data,y=label, epochs=1,callbacks=[self.history],verbose = 0)
    39 1030.9844 MiB   0.0000 MiB           if end_epoch:
    40                                         self.model_weights=self.model.get_weights()
    41                                         self.loss_list.append(self.history.loss)
    42                                         self.acc_list.append(self.history.acc)


Filename: /home/mpiuser/cloud/ECG/Keras/worker.py

Line #    Mem usage    Increment   Line Contents
================================================
    36 1030.9844 MiB 1030.9844 MiB       @profile(precision=4,stream=open('output/memory_profiler.log','w+'))
    37                                 def train(self,data,label,end_epoch):
    38 1036.7617 MiB   5.7773 MiB           self.model.fit(x=data,y=label, epochs=1,callbacks=[self.history],verbose = 0)
    39 1036.7617 MiB   0.0000 MiB           if end_epoch:
    40                                         self.model_weights=self.model.get_weights()
    41                                         self.loss_list.append(self.history.loss)
    42                                         self.acc_list.append(self.history.acc)


Filename: /home/mpiuser/cloud/ECG/Keras/worker.py

Line #    Mem usage    Increment   Line Contents
================================================
    36 1036.7617 MiB 1036.7617 MiB       @profile(precision=4,stream=open('output/memory_profiler.log','w+'))
    37                                 def train(self,data,label,end_epoch):
    38 1032.7109 MiB   0.0000 MiB           self.model.fit(x=data,y=label, epochs=1,callbacks=[self.history],verbose = 0)
    39 1032.7109 MiB   0.0000 MiB           if end_epoch:
    40                                         self.model_weights=self.model.get_weights()
    41                                         self.loss_list.append(self.history.loss)
    42                                         self.acc_list.append(self.history.acc)


Filename: /home/mpiuser/cloud/ECG/Keras/worker.py

Line #    Mem usage    Increment   Line Contents
================================================
    36 1032.7109 MiB 1032.7109 MiB       @profile(precision=4,stream=open('output/memory_profiler.log','w+'))
    37                                 def train(self,data,label,end_epoch):
    38 1002.4766 MiB   0.0000 MiB           self.model.fit(x=data,y=label, epochs=1,callbacks=[self.history],verbose = 0)
