mkdir: cannot create directory 'output': File exists
--- Launched ---
Dataset preparing --- Time: 0.19356656074523926
2019-06-14 16:53:04.539949: E tensorflow/stream_executor/cuda/cuda_driver.cc:406] failed call to cuInit: CUDA_ERROR_NO_DEVICE
2019-06-14 16:53:04.540028: I tensorflow/stream_executor/cuda/cuda_diagnostics.cc:145] kernel driver does not appear to be running on this host (pascal5): /proc/driver/nvidia/version does not exist
2019-06-14 16:56:03.400037: E tensorflow/stream_executor/cuda/cuda_driver.cc:406] failed call to cuInit: CUDA_ERROR_NO_DEVICE
2019-06-14 16:56:03.400120: I tensorflow/stream_executor/cuda/cuda_diagnostics.cc:145] kernel driver does not appear to be running on this host (pascal5): /proc/driver/nvidia/version does not exist
2019-06-14 16:56:04.766422: E tensorflow/stream_executor/cuda/cuda_driver.cc:406] failed call to cuInit: CUDA_ERROR_NO_DEVICE
2019-06-14 16:56:04.766508: I tensorflow/stream_executor/cuda/cuda_diagnostics.cc:145] kernel driver does not appear to be running on this host (pascal6): /proc/driver/nvidia/version does not exist
2019-06-14 16:56:06.534258: E tensorflow/stream_executor/cuda/cuda_driver.cc:406] failed call to cuInit: CUDA_ERROR_NO_DEVICE
2019-06-14 16:56:06.534378: I tensorflow/stream_executor/cuda/cuda_diagnostics.cc:145] kernel driver does not appear to be running on this host (pascal5): /proc/driver/nvidia/version does not exist
2019-06-14 16:56:06.704897: E tensorflow/stream_executor/cuda/cuda_driver.cc:406] failed call to cuInit: CUDA_ERROR_NO_DEVICE
2019-06-14 16:56:06.704989: I tensorflow/stream_executor/cuda/cuda_diagnostics.cc:145] kernel driver does not appear to be running on this host (pascal6): /proc/driver/nvidia/version does not exist
2019-06-14 16:56:06.869081: E tensorflow/stream_executor/cuda/cuda_driver.cc:406] failed call to cuInit: CUDA_ERROR_NO_DEVICE
2019-06-14 16:56:06.869203: I tensorflow/stream_executor/cuda/cuda_diagnostics.cc:145] kernel driver does not appear to be running on this host (pascal5): /proc/driver/nvidia/version does not exist
2019-06-14 16:56:08.129589: E tensorflow/stream_executor/cuda/cuda_driver.cc:406] failed call to cuInit: CUDA_ERROR_NO_DEVICE
2019-06-14 16:56:08.129668: I tensorflow/stream_executor/cuda/cuda_diagnostics.cc:145] kernel driver does not appear to be running on this host (rosie6): /proc/driver/nvidia/version does not exist
2019-06-14 16:56:08.327802: E tensorflow/stream_executor/cuda/cuda_driver.cc:406] failed call to cuInit: CUDA_ERROR_NO_DEVICE
2019-06-14 16:56:08.327946: I tensorflow/stream_executor/cuda/cuda_diagnostics.cc:145] kernel driver does not appear to be running on this host (pascal6): /proc/driver/nvidia/version does not exist
2019-06-14 16:56:10.049504: E tensorflow/stream_executor/cuda/cuda_driver.cc:406] failed call to cuInit: CUDA_ERROR_NO_DEVICE
2019-06-14 16:56:10.049622: I tensorflow/stream_executor/cuda/cuda_diagnostics.cc:145] kernel driver does not appear to be running on this host (rosie6): /proc/driver/nvidia/version does not exist
2019-06-14 16:56:10.371929: E tensorflow/stream_executor/cuda/cuda_driver.cc:406] failed call to cuInit: CUDA_ERROR_NO_DEVICE
2019-06-14 16:56:10.372052: I tensorflow/stream_executor/cuda/cuda_diagnostics.cc:145] kernel driver does not appear to be running on this host (pascal6): /proc/driver/nvidia/version does not exist
2019-06-14 16:56:12.149501: E tensorflow/stream_executor/cuda/cuda_driver.cc:406] failed call to cuInit: CUDA_ERROR_NO_DEVICE
2019-06-14 16:56:12.149724: I tensorflow/stream_executor/cuda/cuda_diagnostics.cc:145] kernel driver does not appear to be running on this host (rosie6): /proc/driver/nvidia/version does not exist
2019-06-14 16:56:13.955018: E tensorflow/stream_executor/cuda/cuda_driver.cc:406] failed call to cuInit: CUDA_ERROR_NO_DEVICE
2019-06-14 16:56:13.955128: I tensorflow/stream_executor/cuda/cuda_diagnostics.cc:145] kernel driver does not appear to be running on this host (rosie6): /proc/driver/nvidia/version does not exist
Epoch Info:1,Train Acc:0.5682,Train Loss:1.171,Val Acc:0.5455,Val Loss:1.063 --- Time:9766.706232070923s
Epoch Info:2,Train Acc:  0.5,Train Loss:1.046,Val Acc:0.5508,Val Loss: 1.18 --- Time:1073.9150700569153s
Epoch Info:3,Train Acc:0.5227,Train Loss:1.107,Val Acc:0.5495,Val Loss:1.285 --- Time:1077.2520937919617s
Epoch Info:4,Train Acc:0.4773,Train Loss:1.042,Val Acc:0.5508,Val Loss:1.308 --- Time:1080.5170986652374s
Epoch Info:5,Train Acc:0.4545,Train Loss: 1.27,Val Acc:0.5495,Val Loss:1.224 --- Time:1082.2477674484253s
Epoch Info:6,Train Acc:0.6136,Train Loss:1.058,Val Acc:0.5508,Val Loss:1.134 --- Time:1084.8269894123077s
Epoch Info:7,Train Acc:0.4545,Train Loss:1.062,Val Acc:0.5455,Val Loss:1.005 --- Time:1045.683529138565s
Epoch Info:8,Train Acc:0.5909,Train Loss:0.9495,Val Acc:0.5521,Val Loss:0.9793 --- Time:1044.112622976303s
Epoch Info:9,Train Acc:0.5909,Train Loss:0.9058,Val Acc:0.5588,Val Loss:0.9746 --- Time:1044.2128784656525s
Epoch Info:10,Train Acc:0.5909,Train Loss:1.054,Val Acc:0.5495,Val Loss:0.9997 --- Time:1043.8690276145935s
Epoch Info:11,Train Acc:0.3864,Train Loss:1.115,Val Acc:0.5882,Val Loss:0.9481 --- Time:1045.2103235721588s
Epoch Info:12,Train Acc:0.4318,Train Loss:1.291,Val Acc:0.5495,Val Loss:0.9926 --- Time:1045.0217084884644s
Epoch Info:13,Train Acc:0.3864,Train Loss:1.058,Val Acc:0.5695,Val Loss:0.9831 --- Time:1043.4926776885986s
Epoch Info:14,Train Acc:0.5227,Train Loss:1.294,Val Acc:0.5963,Val Loss:1.014 --- Time:1042.690646648407s
Epoch Info:15,Train Acc:0.5909,Train Loss:0.8012,Val Acc:0.5602,Val Loss:0.9445 --- Time:1044.448664188385s
Epoch Info:16,Train Acc:  0.5,Train Loss:0.9067,Val Acc:0.5976,Val Loss:0.8614 --- Time:1043.5511322021484s
Epoch Info:17,Train Acc:0.6591,Train Loss:0.935,Val Acc:0.5936,Val Loss:0.8681 --- Time:1041.9625282287598s
Epoch Info:18,Train Acc:0.6364,Train Loss:0.7663,Val Acc:0.5882,Val Loss:0.9015 --- Time:1039.870044708252s
Epoch Info:19,Train Acc:0.5682,Train Loss:0.9137,Val Acc:0.6297,Val Loss:0.8328 --- Time:1040.8918597698212s
Epoch Info:20,Train Acc:0.6818,Train Loss:0.751,Val Acc:0.5869,Val Loss:0.8929 --- Time:1043.138265132904s
Epoch Info:21,Train Acc:0.6591,Train Loss:0.9147,Val Acc:0.5963,Val Loss:0.8753 --- Time:1046.7793011665344s
Epoch Info:22,Train Acc:0.7273,Train Loss:0.7067,Val Acc:0.5949,Val Loss:0.8538 --- Time:1045.132746219635s
Epoch Info:23,Train Acc:0.6136,Train Loss:1.124,Val Acc:0.6163,Val Loss:0.8209 --- Time:1044.5776951313019s
Epoch Info:24,Train Acc:0.5455,Train Loss:0.9425,Val Acc:0.5896,Val Loss:0.8346 --- Time:1042.9982216358185s
Epoch Info:25,Train Acc:0.4773,Train Loss:0.9919,Val Acc:0.6083,Val Loss:0.9204 --- Time:1046.0600547790527s
Epoch Info:26,Train Acc:0.6818,Train Loss:1.176,Val Acc:0.6163,Val Loss:0.812 --- Time:1046.824674129486s
Epoch Info:27,Train Acc:0.7045,Train Loss:0.8063,Val Acc:0.5963,Val Loss:0.9079 --- Time:1042.600251674652s
Epoch Info:28,Train Acc:0.6136,Train Loss:0.8003,Val Acc:0.5909,Val Loss:0.8525 --- Time:1049.5125515460968s
Epoch Info:29,Train Acc:0.6136,Train Loss:1.013,Val Acc:0.627,Val Loss:0.7854 --- Time:1048.6903307437897s
Epoch Info:30,Train Acc:0.5455,Train Loss:1.145,Val Acc:0.6136,Val Loss:0.8216 --- Time:1048.690461397171s
training time : 40235.513776540756
Using TensorFlow backend.
Using TensorFlow backend.
Using TensorFlow backend.
Using TensorFlow backend.
Using TensorFlow backend.
Using TensorFlow backend.
Using TensorFlow backend.
Using TensorFlow backend.
Using TensorFlow backend.
Using TensorFlow backend.
Using TensorFlow backend.
   Labels    TP    FN   FP  Precision  Recall  F1 Score  Records by Labels
0     0.0  25.0   0.0  8.0       0.76    1.00      0.86               25.0
1     1.0   0.0  10.0  0.0       0.00    0.00      0.00               10.0
2     2.0   5.0   4.0  6.0       0.45    0.56      0.50                9.0
testing time : 48.981764793395996
sub training loss
[0.7982138991355896, 0.6276401281356812, 1.1101356744766235, 1.0911555290222168, 0.896577000617981, 0.8461881875991821, 0.8537086844444275, 0.634926974773407, 0.8012474775314331, 0.8133671879768372, 0.7042786478996277, 0.6722225546836853, 0.7389266490936279, 0.7947523593902588, 0.48367631435394287, 0.36855342984199524, 1.2383946180343628, 0.5083847641944885, 0.5089921355247498, 0.9264323711395264, 0.5941789150238037, 1.239847183227539, 0.6517359018325806, 0.7074511051177979, 0.6165339946746826, 0.5493898391723633, 0.8496213555335999, 0.8429981470108032, 0.5125262141227722, 2.3205606937408447]
[0.7565787434577942, 0.7220870852470398, 1.1845134496688843, 0.6431151032447815, 2.6284587383270264, 0.8988343477249146, 1.082758903503418, 1.3144564628601074, 1.0903964042663574, 1.0218820571899414, 0.8941071629524231, 0.9026694893836975, 1.3207273483276367, 2.3140368461608887, 0.6613461971282959, 1.2774043083190918, 0.5935412645339966, 0.7895631790161133, 0.8471311330795288, 0.40270084142684937, 0.6606762409210205, 0.47417816519737244, 0.5821942687034607, 0.528832197189331, 0.9253671765327454, 0.5911898612976074, 0.7432199716567993, 0.61625075340271, 0.759890079498291, 0.7543529272079468]
[1.4503579139709473, 1.0652763843536377, 0.7725539207458496, 1.7105685472488403, 0.9576650261878967, 1.2078356742858887, 1.105485200881958, 1.2022576332092285, 1.0101721286773682, 0.63234543800354, 0.9916527271270752, 1.684361457824707, 1.2225050926208496, 1.0484753847122192, 1.4325647354125977, 0.5573121905326843, 0.49683505296707153, 0.9940310716629028, 0.8767044544219971, 0.37796786427497864, 0.5021024942398071, 0.6924461126327515, 0.9646162390708923, 1.3643375635147095, 0.706109344959259, 1.1255749464035034, 1.856316089630127, 0.3819074332714081, 1.8967318534851074, 0.515764057636261]
[1.0316728353500366, 1.2899543046951294, 0.9215600490570068, 0.7678465843200684, 0.5408848524093628, 1.1189876794815063, 0.8652563691139221, 0.5181061029434204, 1.2572983503341675, 2.4230716228485107, 0.8134925365447998, 2.458686351776123, 1.194960117340088, 2.345938205718994, 0.2808970510959625, 0.6307251453399658, 0.7206785678863525, 0.6072067022323608, 0.9741034507751465, 0.6590613722801208, 0.7185566425323486, 1.1793222427368164, 1.3023298978805542, 1.011132001876831, 0.7007027268409729, 0.8593565225601196, 0.8025225400924683, 1.3431706428527832, 0.7082298994064331, 0.678420901298523]
[0.970542848110199, 1.0249589681625366, 1.9817445278167725, 1.077331781387329, 0.9262467622756958, 1.269168496131897, 1.796992540359497, 1.960634469985962, 0.8235558271408081, 0.8754825592041016, 1.0609066486358643, 0.8979960680007935, 1.0359206199645996, 0.6716923713684082, 0.5570735931396484, 1.1253321170806885, 0.7855669260025024, 0.41263920068740845, 1.9868924617767334, 1.1509315967559814, 0.6913934946060181, 0.8325403332710266, 1.855341911315918, 1.5855088233947754, 1.0049736499786377, 2.2122373580932617, 0.9743552207946777, 0.5675203204154968, 1.040902018547058, 1.486624002456665]
[0.851723313331604, 1.2250436544418335, 1.2617144584655762, 1.1615333557128906, 0.752752959728241, 1.1442021131515503, 0.8442394137382507, 0.7615656852722168, 0.7704681158065796, 1.3031566143035889, 1.567354440689087, 0.8979812860488892, 0.821084201335907, 1.99220871925354, 1.1161794662475586, 0.46722662448883057, 0.7342540621757507, 0.8713728189468384, 0.6427683234214783, 1.1523044109344482, 0.8346339464187622, 0.15606003999710083, 0.5427672266960144, 0.847063422203064, 1.343676209449768, 0.6261271834373474, 0.3635077178478241, 0.9839211106300354, 1.1258161067962646, 0.33920204639434814]
[2.257561206817627, 2.1227166652679443, 0.6287585496902466, 1.213435173034668, 0.38840651512145996, 1.25022554397583, 1.0586631298065186, 0.6157020926475525, 0.31412529945373535, 0.7530316114425659, 1.0891201496124268, 2.095616340637207, 0.9846199154853821, 0.6864112019538879, 0.9442285895347595, 0.6298302412033081, 0.7509771585464478, 0.6060413718223572, 1.1544547080993652, 1.121200442314148, 1.483708381652832, 0.34123554825782776, 3.6338024139404297, 0.9082667827606201, 1.1605427265167236, 1.6899878978729248, 0.37334340810775757, 0.7350949645042419, 0.5424213409423828, 2.6869988441467285]
[0.9889377355575562, 0.6392399072647095, 1.2196922302246094, 0.733199954032898, 3.125126838684082, 1.8124691247940063, 0.9313154220581055, 0.716947615146637, 1.271265983581543, 1.106914758682251, 1.3449335098266602, 2.1430373191833496, 1.2560385465621948, 0.7626729011535645, 0.7187855243682861, 0.9694453477859497, 0.8589828014373779, 0.7287617921829224, 0.9099865555763245, 0.6374394297599792, 1.5466041564941406, 0.495077520608902, 0.823014497756958, 0.7325605154037476, 0.8982009887695312, 0.6020677089691162, 0.6423517465591431, 0.7267087697982788, 1.5276291370391846, 1.0091501474380493]
[1.2032599449157715, 1.0848366022109985, 1.4041502475738525, 1.023168921470642, 0.7480279803276062, 0.4501224160194397, 0.6292457580566406, 0.5740042924880981, 1.220807671546936, 0.8802335262298584, 1.3809891939163208, 0.9451879262924194, 1.0030488967895508, 0.8392805457115173, 0.9523786902427673, 0.7394776344299316, 1.792271614074707, 0.7699809670448303, 0.7657934427261353, 0.5208973288536072, 0.9506606459617615, 0.8172721266746521, 0.7087684869766235, 0.6646294593811035, 0.9800844192504883, 3.1480250358581543, 0.6608459949493408, 0.8666765689849854, 0.7199862003326416, 1.2407530546188354]
[1.534630298614502, 0.7967824339866638, 1.0581867694854736, 1.0583895444869995, 1.3404314517974854, 0.9799177646636963, 1.612605094909668, 0.8871606588363647, 0.7001665830612183, 0.5375903844833374, 1.00352144241333, 0.7395732402801514, 1.058627724647522, 0.8710437417030334, 0.7357368469238281, 1.5469090938568115, 1.5760563611984253, 1.0919687747955322, 0.6425798535346985, 0.392548143863678, 0.6193705797195435, 0.8814192414283752, 0.49598079919815063, 1.0098322629928589, 1.690245509147644, 0.5713692903518677, 1.0095789432525635, 0.9262659549713135, 1.2874326705932617, 1.0901132822036743]
[1.0372188091278076, 0.9106531143188477, 0.6295960545539856, 0.9773011207580566, 1.6645618677139282, 0.656319260597229, 0.9035329818725586, 1.2582595348358154, 0.7041165828704834, 1.2445757389068604, 1.416820764541626, 0.759697675704956, 0.99681556224823, 1.911069631576538, 0.9300973415374756, 1.6610448360443115, 0.737473726272583, 1.0492662191390991, 0.7417133450508118, 0.9191914796829224, 1.4603400230407715, 0.6648352146148682, 0.8085293769836426, 1.0078797340393066, 0.8843441009521484, 0.9570678472518921, 0.5938268899917603, 0.8125609755516052, 1.025099754333496, 0.47298914194107056]
total training loss 
 [1.1709725043990395, 1.046289931644093, 1.1066005392508074, 1.0415496013381265, 1.2699218175627969, 1.0576609644022854, 1.0621639544313604, 0.9494565020908009, 0.9057836749336936, 1.053786499933763, 1.115197929469022, 1.2906390645287253, 1.0575704249468716, 1.2943256280638955, 0.8011785772713748, 0.9066600880839608, 0.9350029230117798, 0.7662924419749867, 0.9137381694533608, 0.7509704801169309, 0.9147477746009827, 0.7067485207861121, 1.124461910941384, 0.9424994425340132, 0.991889167915691, 1.1756721355698325, 0.8063172616741874, 0.8002796037630602, 1.0133332068269902, 1.1449935544620862]
val loss 
 [1.0631658766358933, 1.1799098026943717, 1.2849092655640872, 1.3075488576277055, 1.2243499991728024, 1.134320509624991, 1.0048535370571727, 0.9793468055559352, 0.9746363191681112, 0.9997256520916433, 0.9480795657889729, 0.9926020617791038, 0.9831169105787327, 1.0141160835556808, 0.9444607234893637, 0.8614295168834576, 0.8680502485463962, 0.9015292412536667, 0.832785257362427, 0.8929014311117285, 0.8752855752559906, 0.8538400713294585, 0.8209464848838389, 0.8345576371738619, 0.9204095643471906, 0.8120004072546322, 0.9078886156533172, 0.8524559146580213, 0.785446351224726, 0.8216400161624592]
Using TensorFlow backend.
/usr/local/lib/python3.6/dist-packages/sklearn/metrics/classification.py:1437: UndefinedMetricWarning: Precision and F-score are ill-defined and being set to 0.0 in labels with no predicted samples.
  'precision', 'predicted', average, warn_for)
--- Finished  ---
Pseudo-terminal will not be allocated because stdin is not a terminal.
Pseudo-terminal will not be allocated because stdin is not a terminal.
Pseudo-terminal will not be allocated because stdin is not a terminal.
